<?xml version="1.0" encoding="UTF-8" ?>
<testsuite tests="0" failures="0" name="Jenkins_test.Jenkins_test.AppTest" time="0" errors="0" skipped="0">
  <properties>
    <property name="java.vendor" value="Oracle Corporation"/>
    <property name="JOB_NAME" value="Jenkins_test"/>
    <property name="sun.java.launcher" value="SUN_STANDARD"/>
    <property name="windows_tracing_logfile" value="C:\BVTBin\Tests\installpackage\csilogfile.log"/>
    <property name="NUMBER_OF_PROCESSORS" value="4"/>
    <property name="sun.management.compiler" value="HotSpot 64-Bit Tiered Compilers"/>
    <property name="JENKINS_HOME" value="E:\Lenet-Automation Testing\Jenkins\jenkins-2.204.2"/>
    <property name="HUDSON_SERVER_COOKIE" value="b45bda3c126ea87c"/>
    <property name="POM_ARTIFACTID" value="Jenkins_test"/>
    <property name="os.name" value="Windows 10"/>
    <property name="sun.boot.class.path" value="C:\Program Files\Java\jdk1.8.0_221\jre\lib\resources.jar;C:\Program Files\Java\jdk1.8.0_221\jre\lib\rt.jar;C:\Program Files\Java\jdk1.8.0_221\jre\lib\sunrsasign.jar;C:\Program Files\Java\jdk1.8.0_221\jre\lib\jsse.jar;C:\Program Files\Java\jdk1.8.0_221\jre\lib\jce.jar;C:\Program Files\Java\jdk1.8.0_221\jre\lib\charsets.jar;C:\Program Files\Java\jdk1.8.0_221\jre\lib\jfr.jar;C:\Program Files\Java\jdk1.8.0_221\jre\classes"/>
    <property name="EXECUTOR_NUMBER" value="0"/>
    <property name="sun.desktop" value="windows"/>
    <property name="PATHEXT" value=".COM;.EXE;.BAT;.CMD;.VBS;.VBE;.JS;.JSE;.WSF;.WSH;.MSC"/>
    <property name="java.vm.specification.vendor" value="Oracle Corporation"/>
    <property name="POM_DISPLAYNAME" value="Jenkins_test"/>
    <property name="NODE_LABELS" value="master"/>
    <property name="TEMP" value="C:\WINDOWS\TEMP"/>
    <property name="java.runtime.version" value="1.8.0_221-b11"/>
    <property name="WINSW_SERVICE_ID" value="Jenkins"/>
    <property name="user.name" value="TONY-PC2$"/>
    <property name="guice.disable.misplaced.annotation.check" value="true"/>
    <property name="CommonProgramW6432" value="C:\Program Files\Common Files"/>
    <property name="ProgramFiles" value="C:\Program Files (x86)"/>
    <property name="user.language" value="en"/>
    <property name="JOB_BASE_NAME" value="Jenkins_test"/>
    <property name="RUN_CHANGES_DISPLAY_URL" value="http://localhost:8080/job/Jenkins_test/2/display/redirect?page=changes"/>
    <property name="BUILD_DISPLAY_NAME" value="#2"/>
    <property name="sun.boot.library.path" value="C:\Program Files\Java\jdk1.8.0_221\jre\bin"/>
    <property name="LOCALAPPDATA" value="C:\WINDOWS\system32\config\systemprofile\AppData\Local"/>
    <property name="java.version" value="1.8.0_221"/>
    <property name="PROCESSOR_LEVEL" value="6"/>
    <property name="user.timezone" value="America/New_York"/>
    <property name="USERNAME" value="TONY-PC2$"/>
    <property name="sun.arch.data.model" value="64"/>
    <property name="NODE_NAME" value="master"/>
    <property name="PROCESSOR_ARCHITEW6432" value="AMD64"/>
    <property name="java.endorsed.dirs" value="C:\Program Files\Java\jdk1.8.0_221\jre\lib\endorsed"/>
    <property name="UOIPME_REG_PATH" value="C:\Program Files\Intel Corporation\USB over IP"/>
    <property name="BUILD_ID" value="2"/>
    <property name="sun.cpu.isalist" value="amd64"/>
    <property name="sun.jnu.encoding" value="Cp1252"/>
    <property name="file.encoding.pkg" value="sun.io"/>
    <property name="file.separator" value="\"/>
    <property name="java.specification.name" value="Java Platform API Specification"/>
    <property name="maven.conf" value="E:\Downloads\apache-maven-3.6.3-bin\apache-maven-3.6.3\conf"/>
    <property name="java.class.version" value="52.0"/>
    <property name="org.slf4j.simpleLogger.defaultLogLevel" value="info"/>
    <property name="user.country" value="CA"/>
    <property name="ALLUSERSPROFILE" value="C:\ProgramData"/>
    <property name="VS140COMNTOOLS" value="C:\Program Files (x86)\Microsoft Visual Studio 14.0\Common7\Tools\"/>
    <property name="java.home" value="C:\Program Files\Java\jdk1.8.0_221\jre"/>
    <property name="java.vm.info" value="mixed mode"/>
    <property name="os.version" value="10.0"/>
    <property name="RUN_DISPLAY_URL" value="http://localhost:8080/job/Jenkins_test/2/display/redirect"/>
    <property name="POM_VERSION" value="0.0.1-SNAPSHOT"/>
    <property name="TMP" value="C:\WINDOWS\TEMP"/>
    <property name="path.separator" value=";"/>
    <property name="java.vm.version" value="25.221-b11"/>
    <property name="user.variant" value=""/>
    <property name="JOB_DISPLAY_URL" value="http://localhost:8080/job/Jenkins_test/display/redirect"/>
    <property name="CommonProgramFiles(x86)" value="C:\Program Files (x86)\Common Files"/>
    <property name="java.awt.printerjob" value="sun.awt.windows.WPrinterJob"/>
    <property name="FP_NO_HOST_CHECK" value="NO"/>
    <property name="JAVA_HOME" value="C:\Program Files\Java\jdk1.8.0_221"/>
    <property name="sun.io.unicode.encoding" value="UnicodeLittle"/>
    <property name="CommonProgramFiles" value="C:\Program Files (x86)\Common Files"/>
    <property name="ComSpec" value="C:\WINDOWS\system32\cmd.exe"/>
    <property name="awt.toolkit" value="sun.awt.windows.WToolkit"/>
    <property name="POM_PACKAGING" value="jar"/>
    <property name="user.script" value=""/>
    <property name="COMPUTERNAME" value="TONY-PC2"/>
    <property name="SERVICE_ID" value="Jenkins"/>
    <property name="POM_GROUPID" value="Jenkins_test"/>
    <property name="user.home" value="C:\WINDOWS\system32\config\systemprofile"/>
    <property name="PUBLIC" value="C:\Users\Public"/>
    <property name="BUILD_TAG" value="jenkins-Jenkins_test-2"/>
    <property name="JENKINS_SERVER_COOKIE" value="b45bda3c126ea87c"/>
    <property name="HUDSON_URL" value="http://localhost:8080/"/>
    <property name="ProgramData" value="C:\ProgramData"/>
    <property name="java.specification.vendor" value="Oracle Corporation"/>
    <property name="USERPROFILE" value="C:\WINDOWS\system32\config\systemprofile"/>
    <property name="CLASSPATH" value=""/>
    <property name="java.vendor.url" value="http://java.oracle.com/"/>
    <property name="java.library.path" value="C:\Program Files\Java\jdk1.8.0_221\bin;C:\WINDOWS\Sun\Java\bin;C:\WINDOWS\system32;C:\WINDOWS;E:\Downloads\apache-maven-3.6.3-bin\apache-maven-3.6.3\bin\../bin;C:\Program Files\Java\jdk1.8.0_221/bin;C:\Program Files\Java\jdk1.8.0_221/bin;C:\ProgramData\DockerDesktop\version-bin;C:\Program Files\Docker\Docker\Resources\bin;C:\Program Files (x86)\Common Files\Oracle\Java\javapath;C:\Program Files (x86)\Intel\iCLS Client\;C:\Program Files\Intel\iCLS Client\;C:\ProgramData\Oracle\Java\javapath;C:\WINDOWS\system32;C:\WINDOWS;C:\WINDOWS\System32\Wbem;C:\WINDOWS\System32\WindowsPowerShell\v1.0\;C:\Program Files (x86)\Skype\Phone\;C:\Program Files (x86)\Calibre2\;C:\Program Files\Microsoft SQL Server\130\Tools\Binn\;C:\Program Files\dotnet\;C:\Program Files\nodejs\;C:\Program Files (x86)\Intel\Intel(R) Management Engine Components\DAL;C:\Program Files\Intel\Intel(R) Management Engine Components\DAL;C:\Program Files (x86)\Intel\Intel(R) Management Engine Components\IPT;C:\Program Files\Intel\Intel(R) Management Engine Components\IPT;C:\WINDOWS\System32\OpenSSH\;C:\Program Files\Intel\WiFi\bin\;C:\Program Files\Common Files\Intel\WirelessCommon\;C:\Program Files (x86)\Microsoft VS Code\bin;C:\Program Files (x86)\Microsoft SQL Server\150\DTS\Binn\;C:\Program Files\Microsoft SQL Server\140\Tools\Binn\;E:\Downloads\Programs\ADB and fastboot\platform-tools_r29.0.5-windows\platform-tools\;C:\Program Files\Microsoft SQL Server\Client SDK\ODBC\170\Tools\Binn\;E:\Downloads\apache-maven-3.6.3-bin\apache-maven-3.6.3\bin;C:\Users\Tony\AppData\Local\Microsoft\WindowsApps;C:\Users\Tony\.dotnet\tools;."/>
    <property name="java.vm.vendor" value="Oracle Corporation"/>
    <property name="APPDATA" value="C:\WINDOWS\system32\config\systemprofile\AppData\Roaming"/>
    <property name="java.runtime.name" value="Java(TM) SE Runtime Environment"/>
    <property name="maven.home" value="E:\Downloads\apache-maven-3.6.3-bin\apache-maven-3.6.3"/>
    <property name="java.class.path" value="E:\Lenet-Automation Testing\Jenkins\jenkins-2.204.2\plugins\maven-plugin\WEB-INF\lib\maven35-agent-1.13.jar;E:\Downloads\apache-maven-3.6.3-bin\apache-maven-3.6.3\bin\..\boot\plexus-classworlds-2.6.0.jar;E:\Downloads\apache-maven-3.6.3-bin\apache-maven-3.6.3\bin\../conf/logging"/>
    <property name="sun.java.command" value="jenkins.maven3.agent.Maven35Main E:\Downloads\apache-maven-3.6.3-bin\apache-maven-3.6.3\bin\.. E:\Lenet-Automation Testing\Jenkins\jenkins-2.204.2\war\WEB-INF\lib\remoting-3.36.1.jar E:\Lenet-Automation Testing\Jenkins\jenkins-2.204.2\plugins\maven-plugin\WEB-INF\lib\maven35-interceptor-1.13.jar E:\Lenet-Automation Testing\Jenkins\jenkins-2.204.2\plugins\maven-plugin\WEB-INF\lib\maven3-interceptor-commons-1.13.jar 55129"/>
    <property name="Path" value="C:\Program Files\Java\jdk1.8.0_221/bin;C:\ProgramData\DockerDesktop\version-bin;C:\Program Files\Docker\Docker\Resources\bin;C:\Program Files (x86)\Common Files\Oracle\Java\javapath;C:\Program Files (x86)\Intel\iCLS Client\;C:\Program Files\Intel\iCLS Client\;C:\ProgramData\Oracle\Java\javapath;C:\WINDOWS\system32;C:\WINDOWS;C:\WINDOWS\System32\Wbem;C:\WINDOWS\System32\WindowsPowerShell\v1.0\;C:\Program Files (x86)\Skype\Phone\;C:\Program Files (x86)\Calibre2\;C:\Program Files\Microsoft SQL Server\130\Tools\Binn\;C:\Program Files\dotnet\;C:\Program Files\nodejs\;C:\Program Files (x86)\Intel\Intel(R) Management Engine Components\DAL;C:\Program Files\Intel\Intel(R) Management Engine Components\DAL;C:\Program Files (x86)\Intel\Intel(R) Management Engine Components\IPT;C:\Program Files\Intel\Intel(R) Management Engine Components\IPT;C:\WINDOWS\System32\OpenSSH\;C:\Program Files\Intel\WiFi\bin\;C:\Program Files\Common Files\Intel\WirelessCommon\;C:\Program Files (x86)\Microsoft VS Code\bin;C:\Program Files (x86)\Microsoft SQL Server\150\DTS\Binn\;C:\Program Files\Microsoft SQL Server\140\Tools\Binn\;E:\Downloads\Programs\ADB and fastboot\platform-tools_r29.0.5-windows\platform-tools\;C:\Program Files\Microsoft SQL Server\Client SDK\ODBC\170\Tools\Binn\;E:\Downloads\apache-maven-3.6.3-bin\apache-maven-3.6.3\bin;C:\Users\Tony\AppData\Local\Microsoft\WindowsApps;C:\Users\Tony\.dotnet\tools"/>
    <property name="java.vm.specification.name" value="Java Virtual Machine Specification"/>
    <property name="PROCESSOR_ARCHITECTURE" value="x86"/>
    <property name="PATH+JDK" value="C:\Program Files\Java\jdk1.8.0_221/bin"/>
    <property name="PROCESSOR_IDENTIFIER" value="Intel64 Family 6 Model 61 Stepping 4, GenuineIntel"/>
    <property name="java.vm.specification.version" value="1.8"/>
    <property name="sun.os.patch.level" value=""/>
    <property name="sun.cpu.endian" value="little"/>
    <property name="M2_HOME" value="E:\Downloads\apache-maven-3.6.3-bin\apache-maven-3.6.3\bin\.."/>
    <property name="java.io.tmpdir" value="C:\WINDOWS\TEMP\"/>
    <property name="OS" value="Windows_NT"/>
    <property name="HUDSON_HOME" value="E:\Lenet-Automation Testing\Jenkins\jenkins-2.204.2"/>
    <property name="PATH+MAVEN" value="E:\Downloads\apache-maven-3.6.3-bin\apache-maven-3.6.3\bin\../bin"/>
    <property name="ProgramFiles(x86)" value="C:\Program Files (x86)"/>
    <property name="BUILD_URL" value="http://localhost:8080/job/Jenkins_test/2/"/>
    <property name="java.vendor.url.bug" value="http://bugreport.sun.com/bugreport/"/>
    <property name="java.awt.graphicsenv" value="sun.awt.Win32GraphicsEnvironment"/>
    <property name="os.arch" value="amd64"/>
    <property name="SystemRoot" value="C:\WINDOWS"/>
    <property name="windows_tracing_flags" value="3"/>
    <property name="java.ext.dirs" value="C:\Program Files\Java\jdk1.8.0_221\jre\lib\ext;C:\WINDOWS\Sun\Java\lib\ext"/>
    <property name="user.dir" value="C:\Users\Tony\eclipse-workspace\Jenkins_test"/>
    <property name="JOB_URL" value="http://localhost:8080/job/Jenkins_test/"/>
    <property name="USERDOMAIN" value="WORKGROUP"/>
    <property name="line.separator" value="
"/>
    <property name="MAVEN_HOME" value="E:\Downloads\apache-maven-3.6.3-bin\apache-maven-3.6.3\bin\.."/>
    <property name="java.vm.name" value="Java HotSpot(TM) 64-Bit Server VM"/>
    <property name="BUILD_NUMBER" value="2"/>
    <property name="BASE" value="E:\Lenet-Automation Testing\Jenkins\jenkins-2.204.2"/>
    <property name="JENKINS_URL" value="http://localhost:8080/"/>
    <property name="PROCESSOR_REVISION" value="3d04"/>
    <property name="ProgramW6432" value="C:\Program Files"/>
    <property name="windir" value="C:\WINDOWS"/>
    <property name="file.encoding" value="Cp1252"/>
    <property name="SystemDrive" value="C:"/>
    <property name="maven3.interceptor" value="E:\Lenet-Automation Testing\Jenkins\jenkins-2.204.2\plugins\maven-plugin\WEB-INF\lib\maven35-interceptor-1.13.jar"/>
    <property name="WORKSPACE" value="E:\Lenet-Automation Testing\Jenkins\jenkins-2.204.2\workspace\Jenkins_test"/>
    <property name="maven3.interceptor.common" value="E:\Lenet-Automation Testing\Jenkins\jenkins-2.204.2\plugins\maven-plugin\WEB-INF\lib\maven3-interceptor-commons-1.13.jar"/>
    <property name="WINSW_EXECUTABLE" value="E:\Lenet-Automation Testing\Jenkins\jenkins-2.204.2\jenkins.exe"/>
    <property name="java.specification.version" value="1.8"/>
    <property name="PSModulePath" value="C:\WINDOWS\system32\WindowsPowerShell\v1.0\Modules\"/>
    <property name="DriverData" value="C:\Windows\System32\Drivers\DriverData"/>
  </properties>
</testsuite>