<?xml version="1.0" encoding="UTF-8"?>
<!-- Generated by org.testng.reporters.JUnitReportReporter -->
<testsuite skipped="0" hostname="Tony-PC2" name="com.Jenkinstest.newtours.login.NewTours_Login_Testcase" tests="1" failures="0" timestamp="12 Feb 2020 17:23:32 GMT" time="19.586" errors="0">
  <testcase name="VerifyLogin" time="19.586" classname="com.Jenkinstest.newtours.login.NewTours_Login_Testcase"/>
</testsuite> <!-- com.Jenkinstest.newtours.login.NewTours_Login_Testcase -->
